0 info it worked if it ends with ok
1 verbose cli [ '/usr/local/bin/node', '/usr/local/bin/npm', 'install' ]
2 info using npm@2.14.2
3 info using node@v4.0.0
4 verbose readDependencies loading dependencies from /Users/srujansanthosh/cs5610fall2015/package.json
5 verbose install where, deps [ '/Users/srujansanthosh/cs5610fall2015',
5 verbose install   [ 'body-parser',
5 verbose install     'ejs',
5 verbose install     'express',
5 verbose install     'http',
5 verbose install     'mongoose',
5 verbose install     'q',
5 verbose install     'cookie-parser',
5 verbose install     'debug',
5 verbose install     'express-session',
5 verbose install     'jade',
5 verbose install     'morgan',
5 verbose install     'passport',
5 verbose install     'serve-favicon' ] ]
6 verbose install where, peers [ '/Users/srujansanthosh/cs5610fall2015', [] ]
7 verbose installManyTop reading for lifecycle /Users/srujansanthosh/cs5610fall2015/package.json
8 info preinstall OpenShift-Sample-App@1.0.0
9 verbose installManyTop reading scoped package data from /Users/srujansanthosh/cs5610fall2015/node_modules/angular/package.json
10 verbose installManyTop reading scoped package data from /Users/srujansanthosh/cs5610fall2015/node_modules/body-parser/package.json
11 verbose installManyTop reading scoped package data from /Users/srujansanthosh/cs5610fall2015/node_modules/cookie-parser/package.json
12 verbose installManyTop reading scoped package data from /Users/srujansanthosh/cs5610fall2015/node_modules/debug/package.json
13 verbose installManyTop reading scoped package data from /Users/srujansanthosh/cs5610fall2015/node_modules/ejs/package.json
14 verbose installManyTop reading scoped package data from /Users/srujansanthosh/cs5610fall2015/node_modules/express/package.json
15 verbose installManyTop reading scoped package data from /Users/srujansanthosh/cs5610fall2015/node_modules/express-session/package.json
16 verbose installManyTop reading scoped package data from /Users/srujansanthosh/cs5610fall2015/node_modules/jade/package.json
17 verbose installManyTop reading scoped package data from /Users/srujansanthosh/cs5610fall2015/node_modules/mongoose/package.json
18 verbose installManyTop reading scoped package data from /Users/srujansanthosh/cs5610fall2015/node_modules/morgan/package.json
19 verbose installManyTop reading scoped package data from /Users/srujansanthosh/cs5610fall2015/node_modules/multer/package.json
20 verbose installManyTop reading scoped package data from /Users/srujansanthosh/cs5610fall2015/node_modules/passport/package.json
21 verbose installManyTop reading scoped package data from /Users/srujansanthosh/cs5610fall2015/node_modules/passport-local/package.json
22 verbose installManyTop reading scoped package data from /Users/srujansanthosh/cs5610fall2015/node_modules/q/package.json
23 verbose installManyTop reading scoped package data from /Users/srujansanthosh/cs5610fall2015/node_modules/serve-favicon/package.json
24 info package.json passport-local@1.0.0 No license field.
25 info package.json passport@0.3.2 No README data
26 info package.json q@1.4.1 license should be a valid SPDX license expression
27 verbose readDependencies loading dependencies from /Users/srujansanthosh/cs5610fall2015/package.json
28 verbose targetResolver reading package data from /Users/srujansanthosh/cs5610fall2015/node_modules/angular/package.json
29 verbose targetResolver reading package data from /Users/srujansanthosh/cs5610fall2015/node_modules/body-parser/package.json
30 verbose targetResolver reading package data from /Users/srujansanthosh/cs5610fall2015/node_modules/cookie-parser/package.json
31 verbose targetResolver reading package data from /Users/srujansanthosh/cs5610fall2015/node_modules/debug/package.json
32 verbose targetResolver reading package data from /Users/srujansanthosh/cs5610fall2015/node_modules/ejs/package.json
33 verbose targetResolver reading package data from /Users/srujansanthosh/cs5610fall2015/node_modules/express/package.json
34 verbose targetResolver reading package data from /Users/srujansanthosh/cs5610fall2015/node_modules/express-session/package.json
35 verbose targetResolver reading package data from /Users/srujansanthosh/cs5610fall2015/node_modules/jade/package.json
36 verbose targetResolver reading package data from /Users/srujansanthosh/cs5610fall2015/node_modules/mongoose/package.json
37 verbose targetResolver reading package data from /Users/srujansanthosh/cs5610fall2015/node_modules/morgan/package.json
38 verbose targetResolver reading package data from /Users/srujansanthosh/cs5610fall2015/node_modules/multer/package.json
39 verbose targetResolver reading package data from /Users/srujansanthosh/cs5610fall2015/node_modules/passport/package.json
40 verbose targetResolver reading package data from /Users/srujansanthosh/cs5610fall2015/node_modules/passport-local/package.json
41 verbose targetResolver reading package data from /Users/srujansanthosh/cs5610fall2015/node_modules/q/package.json
42 verbose targetResolver reading package data from /Users/srujansanthosh/cs5610fall2015/node_modules/serve-favicon/package.json
43 verbose targetResolver reading package data from /Users/srujansanthosh/cs5610fall2015/node_modules/.bin/express/package.json
44 verbose targetResolver reading package data from /Users/srujansanthosh/cs5610fall2015/node_modules/.bin/jade/package.json
45 silly cache add args [ 'mongoose@^3.8.24', null ]
46 verbose cache add spec mongoose@^3.8.24
47 silly cache add parsed spec Result {
47 silly cache add   raw: 'mongoose@^3.8.24',
47 silly cache add   scope: null,
47 silly cache add   name: 'mongoose',
47 silly cache add   rawSpec: '^3.8.24',
47 silly cache add   spec: '>=3.8.24 <4.0.0',
47 silly cache add   type: 'range' }
48 silly addNamed mongoose@>=3.8.24 <4.0.0
49 verbose addNamed ">=3.8.24 <4.0.0" is a valid semver range for mongoose
50 silly addNameRange { name: 'mongoose', range: '>=3.8.24 <4.0.0', hasData: false }
51 silly mapToRegistry name mongoose
52 silly mapToRegistry using default registry
53 silly mapToRegistry registry https://registry.npmjs.org/
54 silly mapToRegistry uri https://registry.npmjs.org/mongoose
55 verbose addNameRange registry:https://registry.npmjs.org/mongoose not in flight; fetching
56 verbose already installed skipping q@^1.4.1 /Users/srujansanthosh/cs5610fall2015
57 verbose already installed skipping cookie-parser@^1.4.0 /Users/srujansanthosh/cs5610fall2015
58 verbose already installed skipping debug@~2.2.0 /Users/srujansanthosh/cs5610fall2015
59 verbose already installed skipping express-session@^1.12.1 /Users/srujansanthosh/cs5610fall2015
60 verbose already installed skipping jade@~1.11.0 /Users/srujansanthosh/cs5610fall2015
61 verbose already installed skipping morgan@~1.6.1 /Users/srujansanthosh/cs5610fall2015
62 silly cache add args [ 'passport@^1.0.0', null ]
63 verbose cache add spec passport@^1.0.0
64 silly cache add parsed spec Result {
64 silly cache add   raw: 'passport@^1.0.0',
64 silly cache add   scope: null,
64 silly cache add   name: 'passport',
64 silly cache add   rawSpec: '^1.0.0',
64 silly cache add   spec: '>=1.0.0 <2.0.0',
64 silly cache add   type: 'range' }
65 silly addNamed passport@>=1.0.0 <2.0.0
66 verbose addNamed ">=1.0.0 <2.0.0" is a valid semver range for passport
67 silly addNameRange { name: 'passport', range: '>=1.0.0 <2.0.0', hasData: false }
68 silly mapToRegistry name passport
69 silly mapToRegistry using default registry
70 silly mapToRegistry registry https://registry.npmjs.org/
71 silly mapToRegistry uri https://registry.npmjs.org/passport
72 verbose addNameRange registry:https://registry.npmjs.org/passport not in flight; fetching
73 verbose already installed skipping serve-favicon@~2.3.0 /Users/srujansanthosh/cs5610fall2015
74 verbose request uri https://registry.npmjs.org/passport
75 verbose request no auth needed
76 info attempt registry request try #1 at 3:11:20 PM
77 verbose request id 5cecaa3ffceb27ce
78 verbose etag "9ND9QASXPVWQFEK5QH83JJB"
79 http request GET https://registry.npmjs.org/passport
80 verbose already installed skipping body-parser@^1.14.1 /Users/srujansanthosh/cs5610fall2015
81 verbose already installed skipping ejs@^2.3.4 /Users/srujansanthosh/cs5610fall2015
82 verbose already installed skipping express@~3.4.4 /Users/srujansanthosh/cs5610fall2015
83 silly cache add args [ 'http@0.0.0', null ]
84 verbose cache add spec http@0.0.0
85 silly cache add parsed spec Result {
85 silly cache add   raw: 'http@0.0.0',
85 silly cache add   scope: null,
85 silly cache add   name: 'http',
85 silly cache add   rawSpec: '0.0.0',
85 silly cache add   spec: '0.0.0',
85 silly cache add   type: 'version' }
86 silly addNamed http@0.0.0
87 verbose addNamed "0.0.0" is a plain semver version for http
88 silly mapToRegistry name http
89 silly mapToRegistry using default registry
90 silly mapToRegistry registry https://registry.npmjs.org/
91 silly mapToRegistry uri https://registry.npmjs.org/http
92 verbose addNameVersion registry:https://registry.npmjs.org/http not in flight; fetching
93 verbose request uri https://registry.npmjs.org/mongoose
94 verbose request no auth needed
95 info attempt registry request try #1 at 3:11:20 PM
96 verbose etag "9PR7IH67PTI3US4E97E4DXN67"
97 http request GET https://registry.npmjs.org/mongoose
98 verbose request uri https://registry.npmjs.org/http
99 verbose request no auth needed
100 info attempt registry request try #1 at 3:11:20 PM
101 http request GET https://registry.npmjs.org/http
102 http 200 https://registry.npmjs.org/http
103 silly get cb [ 200,
103 silly get   { server: 'CouchDB/1.5.0 (Erlang OTP/R16B03)',
103 silly get     etag: '"9ARRJ1G4SWEZRN9FK6352ZEYA"',
103 silly get     'content-type': 'application/json',
103 silly get     'cache-control': 'max-age=60',
103 silly get     'content-length': '950',
103 silly get     'accept-ranges': 'bytes',
103 silly get     date: 'Fri, 04 Dec 2015 20:11:20 GMT',
103 silly get     via: '1.1 varnish',
103 silly get     age: '0',
103 silly get     connection: 'keep-alive',
103 silly get     'x-served-by': 'cache-sjc3132-SJC',
103 silly get     'x-cache': 'MISS',
103 silly get     'x-cache-hits': '0',
103 silly get     'x-timer': 'S1449259880.324328,VS0,VE87',
103 silly get     vary: 'Accept' } ]
104 verbose get saving http to /Users/srujansanthosh/.npm/registry.npmjs.org/http/.cache.json
105 silly mapToRegistry name http
106 silly mapToRegistry using default registry
107 silly mapToRegistry registry https://registry.npmjs.org/
108 silly mapToRegistry uri https://registry.npmjs.org/http
109 verbose addRemoteTarball https://registry.npmjs.org/http/-/http-0.0.0.tgz not in flight; adding
110 verbose addRemoteTarball [ 'https://registry.npmjs.org/http/-/http-0.0.0.tgz',
110 verbose addRemoteTarball   '86e6326d29c5d039de9fac584a45689f929f4f72' ]
111 info retry fetch attempt 1 at 3:11:20 PM
112 info attempt registry request try #1 at 3:11:20 PM
113 http fetch GET https://registry.npmjs.org/http/-/http-0.0.0.tgz
114 http 200 https://registry.npmjs.org/passport
115 silly get cb [ 200,
115 silly get   { server: 'CouchDB/1.5.0 (Erlang OTP/R16B03)',
115 silly get     etag: '"4FO07NUSI76CDLXMCMEHIWIWD"',
115 silly get     'content-type': 'application/json',
115 silly get     'cache-control': 'max-age=60',
115 silly get     'content-length': '41539',
115 silly get     'accept-ranges': 'bytes',
115 silly get     date: 'Fri, 04 Dec 2015 20:11:20 GMT',
115 silly get     via: '1.1 varnish',
115 silly get     age: '48',
115 silly get     connection: 'keep-alive',
115 silly get     'x-served-by': 'cache-sjc3124-SJC',
115 silly get     'x-cache': 'HIT',
115 silly get     'x-cache-hits': '1',
115 silly get     'x-timer': 'S1449259880.321846,VS0,VE0',
115 silly get     vary: 'Accept' } ]
116 verbose get saving passport to /Users/srujansanthosh/.npm/registry.npmjs.org/passport/.cache.json
117 silly addNameRange number 2 { name: 'passport', range: '>=1.0.0 <2.0.0', hasData: true }
118 silly addNameRange versions [ 'passport',
118 silly addNameRange   [ '0.1.0',
118 silly addNameRange     '0.1.1',
118 silly addNameRange     '0.1.2',
118 silly addNameRange     '0.1.3',
118 silly addNameRange     '0.1.4',
118 silly addNameRange     '0.1.5',
118 silly addNameRange     '0.1.6',
118 silly addNameRange     '0.1.7',
118 silly addNameRange     '0.1.8',
118 silly addNameRange     '0.1.9',
118 silly addNameRange     '0.1.10',
118 silly addNameRange     '0.1.11',
118 silly addNameRange     '0.1.12',
118 silly addNameRange     '0.1.13',
118 silly addNameRange     '0.1.14',
118 silly addNameRange     '0.1.15',
118 silly addNameRange     '0.1.16',
118 silly addNameRange     '0.1.17',
118 silly addNameRange     '0.1.18',
118 silly addNameRange     '0.2.0',
118 silly addNameRange     '0.2.1',
118 silly addNameRange     '0.2.2',
118 silly addNameRange     '0.3.0',
118 silly addNameRange     '0.3.1',
118 silly addNameRange     '0.3.2' ] ]
119 http fetch 200 https://registry.npmjs.org/http/-/http-0.0.0.tgz
120 silly fetchAndShaCheck shasum 86e6326d29c5d039de9fac584a45689f929f4f72
121 verbose addTmpTarball /var/folders/m9/dr7775tj5q99ddk0z1n2jk7h0000gn/T/npm-10696-b53bd556/registry.npmjs.org/http/-/http-0.0.0.tgz not in flight; adding
122 verbose addTmpTarball already have metadata; skipping unpack for http@0.0.0
123 silly cache afterAdd http@0.0.0
124 verbose afterAdd /Users/srujansanthosh/.npm/http/0.0.0/package/package.json not in flight; writing
125 verbose afterAdd /Users/srujansanthosh/.npm/http/0.0.0/package/package.json written
126 http 200 https://registry.npmjs.org/mongoose
127 silly get cb [ 200,
127 silly get   { server: 'CouchDB/1.5.0 (Erlang OTP/R16B03)',
127 silly get     etag: '"DE9SWNURJ2HDYMFFND2O7VXEZ"',
127 silly get     'content-type': 'application/json',
127 silly get     'cache-control': 'max-age=60',
127 silly get     'content-length': '395594',
127 silly get     'accept-ranges': 'bytes',
127 silly get     date: 'Fri, 04 Dec 2015 20:11:20 GMT',
127 silly get     via: '1.1 varnish',
127 silly get     age: '1',
127 silly get     connection: 'keep-alive',
127 silly get     'x-served-by': 'cache-sjc3123-SJC',
127 silly get     'x-cache': 'HIT',
127 silly get     'x-cache-hits': '1',
127 silly get     'x-timer': 'S1449259880.320612,VS0,VE1',
127 silly get     vary: 'Accept' } ]
128 verbose get saving mongoose to /Users/srujansanthosh/.npm/registry.npmjs.org/mongoose/.cache.json
129 silly addNameRange number 2 { name: 'mongoose', range: '>=3.8.24 <4.0.0', hasData: true }
130 silly addNameRange versions [ 'mongoose',
130 silly addNameRange   [ '0.0.1',
130 silly addNameRange     '0.0.2',
130 silly addNameRange     '0.0.3',
130 silly addNameRange     '0.0.4',
130 silly addNameRange     '0.0.5',
130 silly addNameRange     '1.0.0',
130 silly addNameRange     '1.0.1',
130 silly addNameRange     '1.0.2',
130 silly addNameRange     '0.0.6',
130 silly addNameRange     '1.0.3',
130 silly addNameRange     '1.0.4',
130 silly addNameRange     '1.0.5',
130 silly addNameRange     '1.0.6',
130 silly addNameRange     '1.0.7',
130 silly addNameRange     '1.0.8',
130 silly addNameRange     '1.0.10',
130 silly addNameRange     '1.0.11',
130 silly addNameRange     '1.0.12',
130 silly addNameRange     '1.0.13',
130 silly addNameRange     '1.0.14',
130 silly addNameRange     '1.0.15',
130 silly addNameRange     '1.0.16',
130 silly addNameRange     '1.1.0',
130 silly addNameRange     '1.1.1',
130 silly addNameRange     '1.1.2',
130 silly addNameRange     '1.1.3',
130 silly addNameRange     '1.1.4',
130 silly addNameRange     '1.1.5',
130 silly addNameRange     '1.1.6',
130 silly addNameRange     '1.1.7',
130 silly addNameRange     '1.1.8',
130 silly addNameRange     '1.1.9',
130 silly addNameRange     '1.1.10',
130 silly addNameRange     '1.1.11',
130 silly addNameRange     '1.1.12',
130 silly addNameRange     '1.1.13',
130 silly addNameRange     '1.1.14',
130 silly addNameRange     '1.1.15',
130 silly addNameRange     '1.1.16',
130 silly addNameRange     '1.1.17',
130 silly addNameRange     '1.1.18',
130 silly addNameRange     '1.1.19',
130 silly addNameRange     '1.1.20',
130 silly addNameRange     '1.1.21',
130 silly addNameRange     '1.1.22',
130 silly addNameRange     '1.1.23',
130 silly addNameRange     '1.1.24',
130 silly addNameRange     '1.1.25',
130 silly addNameRange     '1.2.0',
130 silly addNameRange     '1.3.0',
130 silly addNameRange     '1.3.1',
130 silly addNameRange     '1.3.2',
130 silly addNameRange     '1.3.3',
130 silly addNameRange     '1.3.4',
130 silly addNameRange     '1.3.5',
130 silly addNameRange     '1.3.6',
130 silly addNameRange     '1.3.7',
130 silly addNameRange     '1.4.0',
130 silly addNameRange     '1.5.0',
130 silly addNameRange     '1.6.0',
130 silly addNameRange     '1.7.2',
130 silly addNameRange     '1.7.3',
130 silly addNameRange     '1.7.4',
130 silly addNameRange     '1.8.0',
130 silly addNameRange     '1.8.1',
130 silly addNameRange     '1.8.2',
130 silly addNameRange     '1.8.3',
130 silly addNameRange     '1.8.4',
130 silly addNameRange     '2.0.0',
130 silly addNameRange     '2.0.1',
130 silly addNameRange     '2.0.2',
130 silly addNameRange     '2.0.3',
130 silly addNameRange     '2.0.4',
130 silly addNameRange     '2.1.0',
130 silly addNameRange     '2.1.1',
130 silly addNameRange     '2.1.2',
130 silly addNameRange     '2.1.3',
130 silly addNameRange     '2.1.4',
130 silly addNameRange     '2.2.0',
130 silly addNameRange     '2.2.1',
130 silly addNameRange     '2.2.2',
130 silly addNameRange     '2.2.3',
130 silly addNameRange     '2.2.4',
130 silly addNameRange     '2.3.0',
130 silly addNameRange     '2.3.1',
130 silly addNameRange     '2.3.2',
130 silly addNameRange     '2.3.3',
130 silly addNameRange     '2.3.4',
130 silly addNameRange     '2.3.5',
130 silly addNameRange     '2.3.6',
130 silly addNameRange     '2.3.7',
130 silly addNameRange     '2.3.8',
130 silly addNameRange     '2.3.9',
130 silly addNameRange     '2.3.10',
130 silly addNameRange     '2.3.11',
130 silly addNameRange     '2.3.12',
130 silly addNameRange     '2.3.13',
130 silly addNameRange     '2.4.0',
130 silly addNameRange     '2.4.1',
130 silly addNameRange     '2.4.2',
130 silly addNameRange     '2.4.3',
130 silly addNameRange     '2.4.4',
130 silly addNameRange     '2.4.5',
130 silly addNameRange     '2.4.6',
130 silly addNameRange     '2.4.7',
130 silly addNameRange     '2.4.8',
130 silly addNameRange     '2.4.9',
130 silly addNameRange     '2.4.10',
130 silly addNameRange     '2.5.0',
130 silly addNameRange     '2.5.1',
130 silly addNameRange     '2.5.2',
130 silly addNameRange     '2.5.3',
130 silly addNameRange     '2.5.4',
130 silly addNameRange     '2.5.5',
130 silly addNameRange     '2.5.6',
130 silly addNameRange     '2.5.7',
130 silly addNameRange     '2.5.8',
130 silly addNameRange     '2.5.9',
130 silly addNameRange     '2.5.10',
130 silly addNameRange     '2.5.11',
130 silly addNameRange     '2.5.12',
130 silly addNameRange     '2.5.13',
130 silly addNameRange     '2.5.14',
130 silly addNameRange     '2.6.0',
130 silly addNameRange     '2.6.1',
130 silly addNameRange     '2.6.2',
130 silly addNameRange     '2.6.3',
130 silly addNameRange     '2.6.4',
130 silly addNameRange     '2.6.5',
130 silly addNameRange     '2.6.6',
130 silly addNameRange     '2.6.7',
130 silly addNameRange     '2.6.8',
130 silly addNameRange     '2.7.0',
130 silly addNameRange     '2.7.1',
130 silly addNameRange     '2.7.2',
130 silly addNameRange     '2.7.4',
130 silly addNameRange     '2.7.3',
130 silly addNameRange     '3.0.0',
130 silly addNameRange     '3.0.1',
130 silly addNameRange     '3.0.2',
130 silly addNameRange     '2.8.0',
130 silly addNameRange     '3.0.3',
130 silly addNameRange     '3.1.0',
130 silly addNameRange     '2.8.1',
130 silly addNameRange     '3.1.1',
130 silly addNameRange     '2.8.2',
130 silly addNameRange     '2.8.3',
130 silly addNameRange     '2.9.0',
130 silly addNameRange     '3.2.0',
130 silly addNameRange     '2.9.1',
130 silly addNameRange     '3.2.1',
130 silly addNameRange     '2.9.2',
130 silly addNameRange     '3.2.2',
130 silly addNameRange     '3.3.0',
130 silly addNameRange     '3.3.1',
130 silly addNameRange     '2.9.3',
130 silly addNameRange     '3.4.0',
130 silly addNameRange     '2.9.4',
130 silly addNameRange     '2.9.5',
130 silly addNameRange     '3.5.0',
130 silly addNameRange     '3.5.1',
130 silly addNameRange     '3.5.2',
130 silly addNameRange     '3.5.3',
130 silly addNameRange     '2.9.6',
130 silly addNameRange     '2.9.7',
130 silly addNameRange     '3.5.4',
130 silly addNameRange     '3.5.5',
130 silly addNameRange     '2.9.8',
130 silly addNameRange     '2.9.9',
130 silly addNameRange     '3.5.6',
130 silly addNameRange     '3.5.7',
130 silly addNameRange     '3.5.8',
130 silly addNameRange     '2.9.10',
130 silly addNameRange     '3.5.9',
130 silly addNameRange     '3.6.2',
130 silly addNameRange     '3.5.10',
130 silly addNameRange     '3.6.3',
130 silly addNameRange     '3.5.11',
130 silly addNameRange     '3.6.4',
130 silly addNameRange     '3.6.5',
130 silly addNameRange     '3.6.6',
130 silly addNameRange     '3.6.7',
130 silly addNameRange     '3.5.12',
130 silly addNameRange     '3.6.8',
130 silly addNameRange     '3.6.9',
130 silly addNameRange     '3.6.10',
130 silly addNameRange     '3.5.13',
130 silly addNameRange     '3.5.14',
130 silly addNameRange     '3.6.11',
130 silly addNameRange     '3.6.12',
130 silly addNameRange     '3.6.13',
130 silly addNameRange     '3.6.14',
130 silly addNameRange     '3.6.15',
130 silly addNameRange     '3.5.15',
130 silly addNameRange     '3.7.0',
130 silly addNameRange     '3.6.16',
130 silly addNameRange     '3.5.16',
130 silly addNameRange     '3.6.17',
130 silly addNameRange     '3.7.2',
130 silly addNameRange     '3.0.0-alpha1',
130 silly addNameRange     '3.0.0-alpha2',
130 silly addNameRange     '3.0.0-rc0',
130 silly addNameRange     '3.6.0-rc0',
130 silly addNameRange     '3.6.0-rc1',
130 silly addNameRange     '3.6.18',
130 silly addNameRange     '3.7.3',
130 silly addNameRange     '3.6.19',
130 silly addNameRange     '3.6.20',
130 silly addNameRange     '3.7.4',
130 silly addNameRange     '3.8.0',
130 silly addNameRange     '3.8.1',
130 silly addNameRange     '3.8.2',
130 silly addNameRange     '3.8.3',
130 silly addNameRange     '3.8.4',
130 silly addNameRange     '3.8.5',
130 silly addNameRange     '3.8.6',
130 silly addNameRange     '3.8.7',
130 silly addNameRange     '3.8.8',
130 silly addNameRange     '3.8.9',
130 silly addNameRange     '3.8.10',
130 silly addNameRange     '3.8.11',
130 silly addNameRange     '3.9.0',
130 silly addNameRange     '3.8.12',
130 silly addNameRange     '3.8.13',
130 silly addNameRange     '3.8.14',
130 silly addNameRange     '3.8.15',
130 silly addNameRange     '3.9.1',
130 silly addNameRange     '3.8.16',
130 silly addNameRange     '3.9.2',
130 silly addNameRange     '3.8.17',
130 silly addNameRange     '3.9.3',
130 silly addNameRange     '3.8.18',
130 silly addNameRange     '3.9.4',
130 silly addNameRange     '3.8.19',
130 silly addNameRange     '3.9.5',
130 silly addNameRange     '3.8.20',
130 silly addNameRange     '3.9.6',
130 silly addNameRange     '3.8.21',
130 silly addNameRange     '3.9.7',
130 silly addNameRange     '3.8.22',
130 silly addNameRange     '4.0.0-rc0',
130 silly addNameRange     '4.0.0-rc1',
130 silly addNameRange     '3.8.23',
130 silly addNameRange     '4.0.0-rc2',
130 silly addNameRange     '3.8.24',
130 silly addNameRange     '4.0.0-rc3',
130 silly addNameRange     '3.8.25',
130 silly addNameRange     '4.0.0-rc4',
130 silly addNameRange     '4.0.0',
130 silly addNameRange     '4.0.1',
130 silly addNameRange     '3.8.26',
130 silly addNameRange     '3.8.27',
130 silly addNameRange     '4.0.2',
130 silly addNameRange     '3.8.28',
130 silly addNameRange     '4.0.3',
130 silly addNameRange     '3.8.29',
130 silly addNameRange     '4.0.4',
130 silly addNameRange     '3.8.30',
130 silly addNameRange     '4.0.5',
130 silly addNameRange     '3.8.31',
130 silly addNameRange     '4.0.6',
130 silly addNameRange     '3.8.33',
130 silly addNameRange     '4.0.7',
130 silly addNameRange     '3.8.34',
130 silly addNameRange     '4.0.8',
130 silly addNameRange     '4.1.0',
130 silly addNameRange     '4.1.1',
130 silly addNameRange     '4.1.2',
130 silly addNameRange     '3.8.35',
130 silly addNameRange     '4.1.3',
130 silly addNameRange     '4.1.5',
130 silly addNameRange     '4.1.6',
130 silly addNameRange     '4.1.7',
130 silly addNameRange     '4.1.8',
130 silly addNameRange     '4.1.9',
130 silly addNameRange     '4.1.10',
130 silly addNameRange     '4.1.11',
130 silly addNameRange     '3.8.36',
130 silly addNameRange     '4.1.12',
130 silly addNameRange     '4.2.0',
130 silly addNameRange     '4.2.1',
130 silly addNameRange     '4.2.2',
130 silly addNameRange     '4.2.3',
130 silly addNameRange     '4.2.4',
130 silly addNameRange     '4.2.5',
130 silly addNameRange     '3.8.37',
130 silly addNameRange     '4.2.6',
130 silly addNameRange     '4.2.7',
130 silly addNameRange     '4.2.8',
130 silly addNameRange     '4.2.9' ] ]
131 silly addNamed mongoose@3.9.7
132 verbose addNamed "3.9.7" is a plain semver version for mongoose
133 silly mapToRegistry name mongoose
134 silly mapToRegistry using default registry
135 silly mapToRegistry registry https://registry.npmjs.org/
136 silly mapToRegistry uri https://registry.npmjs.org/mongoose
137 verbose addRemoteTarball https://registry.npmjs.org/mongoose/-/mongoose-3.9.7.tgz not in flight; adding
138 verbose addRemoteTarball [ 'https://registry.npmjs.org/mongoose/-/mongoose-3.9.7.tgz',
138 verbose addRemoteTarball   'b315e6ebe5cefcce3843504b791f038828048da6' ]
139 info retry fetch attempt 1 at 3:11:21 PM
140 info attempt registry request try #1 at 3:11:21 PM
141 http fetch GET https://registry.npmjs.org/mongoose/-/mongoose-3.9.7.tgz
142 http fetch 200 https://registry.npmjs.org/mongoose/-/mongoose-3.9.7.tgz
143 silly fetchAndShaCheck shasum b315e6ebe5cefcce3843504b791f038828048da6
144 verbose addTmpTarball /var/folders/m9/dr7775tj5q99ddk0z1n2jk7h0000gn/T/npm-10696-b53bd556/registry.npmjs.org/mongoose/-/mongoose-3.9.7.tgz not in flight; adding
145 verbose addTmpTarball already have metadata; skipping unpack for mongoose@3.9.7
146 silly cache afterAdd mongoose@3.9.7
147 verbose afterAdd /Users/srujansanthosh/.npm/mongoose/3.9.7/package/package.json not in flight; writing
148 verbose afterAdd /Users/srujansanthosh/.npm/mongoose/3.9.7/package/package.json written
149 verbose stack Error: No compatible version found: passport@'>=1.0.0 <2.0.0'
149 verbose stack Valid install targets:
149 verbose stack ["0.1.0","0.1.1","0.1.2","0.1.3","0.1.4","0.1.5","0.1.6","0.1.7","0.1.8","0.1.9","0.1.10","0.1.11","0.1.12","0.1.13","0.1.14","0.1.15","0.1.16","0.1.17","0.1.18","0.2.0","0.2.1","0.2.2","0.3.0","0.3.1","0.3.2"]
149 verbose stack
149 verbose stack     at installTargetsError (/usr/local/lib/node_modules/npm/lib/cache/add-named.js:278:12)
149 verbose stack     at next (/usr/local/lib/node_modules/npm/lib/cache/add-named.js:256:19)
149 verbose stack     at setData (/usr/local/lib/node_modules/npm/lib/cache/add-named.js:230:5)
149 verbose stack     at RES (/usr/local/lib/node_modules/npm/node_modules/inflight/inflight.js:23:14)
149 verbose stack     at f (/usr/local/lib/node_modules/npm/node_modules/once/once.js:17:25)
149 verbose stack     at fixName (/usr/local/lib/node_modules/npm/lib/cache/add-named.js:29:5)
149 verbose stack     at saved (/usr/local/lib/node_modules/npm/lib/cache/caching-client.js:173:7)
149 verbose stack     at /usr/local/lib/node_modules/npm/node_modules/graceful-fs/polyfills.js:210:7
149 verbose stack     at FSReqWrap.oncomplete (fs.js:82:15)
150 verbose cwd /Users/srujansanthosh/cs5610fall2015
151 error Darwin 15.0.0
152 error argv "/usr/local/bin/node" "/usr/local/bin/npm" "install"
153 error node v4.0.0
154 error npm  v2.14.2
155 error code ETARGET
156 error notarget No compatible version found: passport@'>=1.0.0 <2.0.0'
156 error notarget Valid install targets:
156 error notarget ["0.1.0","0.1.1","0.1.2","0.1.3","0.1.4","0.1.5","0.1.6","0.1.7","0.1.8","0.1.9","0.1.10","0.1.11","0.1.12","0.1.13","0.1.14","0.1.15","0.1.16","0.1.17","0.1.18","0.2.0","0.2.1","0.2.2","0.3.0","0.3.1","0.3.2"]
156 error notarget
156 error notarget This is most likely not a problem with npm itself.
156 error notarget In most cases you or one of your dependencies are requesting
156 error notarget a package version that doesn't exist.
156 error notarget
156 error notarget It was specified as a dependency of 'OpenShift-Sample-App'
157 verbose exit [ 1, true ]
